<?xml version="1.0" encoding="UTF-8"?>
<testng-results ignored="0" total="2" passed="2" failed="0" skipped="0">
  <reporter-output>
  </reporter-output>
  <suite started-at="2025-07-30T16:44:50 IST" name="All Test Suite" finished-at="2025-07-30T16:45:18 IST" duration-ms="28197">
    <groups>
      <group name="cucumber">
        <method signature="AbstractTestNGCucumberTests.runScenario(io.cucumber.testng.PickleWrapper,io.cucumber.testng.FeatureWrapper)[pri:0, instance:runner.TestRunnerOne$TestRunner@33d512c1]" name="runScenario" class="io.cucumber.testng.AbstractTestNGCucumberTests"/>
      </group> <!-- cucumber -->
    </groups>
    <test started-at="2025-07-30T16:44:50 IST" name="D:/New folder (3)/BDDCucumberHybrid/BDDCucumberHybrid" finished-at="2025-07-30T16:45:18 IST" duration-ms="28197">
      <class name="runner.TestRunnerOne$TestRunner">
        <test-method is-config="true" signature="setUpClass(org.testng.ITestContext)[pri:0, instance:runner.TestRunnerOne$TestRunner@33d512c1]" started-at="2025-07-30T16:44:50 IST" name="setUpClass" finished-at="2025-07-30T16:44:50 IST" duration-ms="464" status="PASS">
          <params>
            <param index="0">
              <value>
                <![CDATA[org.testng.TestRunner@762ef0ea]]>
              </value>
            </param>
          </params>
          <reporter-output>
          </reporter-output>
        </test-method> <!-- setUpClass -->
        <test-method signature="runScenario(io.cucumber.testng.PickleWrapper,io.cucumber.testng.FeatureWrapper)[pri:0, instance:runner.TestRunnerOne$TestRunner@33d512c1]" started-at="2025-07-30T16:44:50 IST" name="runScenario" description="Runs Cucumber Scenarios" data-provider="scenarios" finished-at="2025-07-30T16:45:11 IST" duration-ms="20433" status="PASS">
          <params>
            <param index="0">
              <value>
                <![CDATA["Testing the dropdown feature"]]>
              </value>
            </param>
            <param index="1">
              <value>
                <![CDATA["Don feature"]]>
              </value>
            </param>
          </params>
          <reporter-output>
          </reporter-output>
        </test-method> <!-- runScenario -->
        <test-method signature="runScenario(io.cucumber.testng.PickleWrapper,io.cucumber.testng.FeatureWrapper)[pri:0, instance:runner.TestRunnerOne$TestRunner@33d512c1]" started-at="2025-07-30T16:44:50 IST" name="runScenario" description="Runs Cucumber Scenarios" data-provider="scenarios" finished-at="2025-07-30T16:45:18 IST" duration-ms="27661" status="PASS">
          <params>
            <param index="0">
              <value>
                <![CDATA["Testing the demo feature"]]>
              </value>
            </param>
            <param index="1">
              <value>
                <![CDATA["Demo Testing"]]>
              </value>
            </param>
          </params>
          <reporter-output>
          </reporter-output>
        </test-method> <!-- runScenario -->
        <test-method is-config="true" signature="tearDownClass()[pri:0, instance:runner.TestRunnerOne$TestRunner@33d512c1]" started-at="2025-07-30T16:45:18 IST" name="tearDownClass" finished-at="2025-07-30T16:45:18 IST" duration-ms="38" status="PASS">
          <reporter-output>
          </reporter-output>
        </test-method> <!-- tearDownClass -->
      </class> <!-- runner.TestRunnerOne$TestRunner -->
    </test> <!-- D:/New folder (3)/BDDCucumberHybrid/BDDCucumberHybrid -->
  </suite> <!-- All Test Suite -->
</testng-results>
