<?xml version="1.0" encoding="UTF-8"?>
<testsuite xmlns:xsi="http://www.w3.org/2001/XMLSchema-instance" xsi:noNamespaceSchemaLocation="https://maven.apache.org/surefire/maven-surefire-plugin/xsd/surefire-test-report.xsd" version="3.0.2" name="TestSuite" time="40.95" tests="2" errors="0" skipped="0" failures="1">
  <properties>
[...]
</properties>
  <testcase name="runScenario[&quot;Testing the dropdown feature&quot;, &quot;Don feature&quot;](1)" classname="runner.TestRunnerOne$TestRunner" time="13.244">
    <system-out><![CDATA[
@smoke
Scenario: Testing the demo feature                                  &amp#27;[90m# src/test/resources/features/Demo.feature:4&amp#27;[0m

@smoke
Scenario: Testing the dropdown feature                                    &amp#27;[90m# src/test/resources/features/Demo1.feature:3&amp#27;[0m
Don
  &amp#27;[32mGiven &amp#27;[0m&amp#27;[32mUser is on home page and user enters names &amp#27;[0m&amp#27;[32m&amp#27;[1m"Don"&amp#27;[0m&amp#27;[32m into field&amp#27;[0m &amp#27;[90m# stepdefinitions.DemoStep.user_is_on_home_page_and_user_enters_names_into_field(java.lang.String)&amp#27;[0m
Gender:
  &amp#27;[32mWhen &amp#27;[0m&amp#27;[32mGet the text from gender and compare &amp#27;[0m&amp#27;[32m&amp#27;[1m"Gender:"&amp#27;[0m               &amp#27;[90m# stepdefinitions.DemoStep.getTheTextFromGenderAndCompare(java.lang.String)&amp#27;[0m
  &amp#27;[32mAnd &amp#27;[0m&amp#27;[32mVerify the gui box is visible or not&amp#27;[0m                          &amp#27;[90m# stepdefinitions.DemoStep.verifyTheGuiBoxIsVisibleOrNot()&amp#27;[0m
  &amp#27;[32mThen &amp#27;[0m&amp#27;[32mClick on the radio button&amp#27;[0m                                    &amp#27;[90m# stepdefinitions.DemoStep.clickOnTheRadioButton()&amp#27;[0m
  &amp#27;[32mGiven &amp#27;[0m&amp#27;[32mUser want to select the dropdwon from the seleclt &amp#27;[0m&amp#27;[32m&amp#27;[1m"United States"&amp#27;[0m &amp#27;[90m# stepdefinitions.Demo1Step.user_want_to_select_the_dropdwon_from_the_seleclt(java.lang.String)&amp#27;[0m
Browser Closed
]]></system-out>
    <system-err><![CDATA[SLF4J(W): No SLF4J providers were found.
SLF4J(W): Defaulting to no-operation (NOP) logger implementation
SLF4J(W): See https://www.slf4j.org/codes.html#noProviders for further details.
]]></system-err>
  </testcase>
  <testcase name="runScenario[&quot;Testing the demo feature&quot;, &quot;Demo Testing&quot;](2)" classname="runner.TestRunnerOne$TestRunner" time="39.895">
    <failure message="Cannot invoke &quot;org.openqa.selenium.WebElement.getText()&quot; because &quot;webElement&quot; is null" type="java.lang.NullPointerException"><![CDATA[java.lang.NullPointerException: Cannot invoke "org.openqa.selenium.WebElement.getText()" because "webElement" is null
	at utils.ElementUtils.getTextFromElement(ElementUtils.java:106)
	at pages.DemoPageThree.getTheText(DemoPageThree.java:39)
	at stepdefinitions.DemoStep.getTheTextFromElement(DemoStep.java:68)
	at ✽.get the text from element(file:///D:/New%20folder%20(3)/BDDCucumberHybrid/BDDCucumberHybrid/src/test/resources/features/Demo.feature:11)
]]></failure>
    <system-out><![CDATA[  &amp#27;[32mWhen &amp#27;[0m&amp#27;[32mClicks on popup button new tab will apper&amp#27;[0m                    &amp#27;[90m# stepdefinitions.DemoStep.clicksOnPopupButtonNewTabWillApper()&amp#27;[0m
  &amp#27;[31mThen &amp#27;[0m&amp#27;[31mget the text from element&amp#27;[0m                                    &amp#27;[90m# stepdefinitions.DemoStep.getTheTextFromElement()&amp#27;[0m
      &amp#27;[31mjava.lang.NullPointerException: Cannot invoke "org.openqa.selenium.WebElement.getText()" because "webElement" is null
      	at utils.ElementUtils.getTextFromElement(ElementUtils.java:106)
      	at pages.DemoPageThree.getTheText(DemoPageThree.java:39)
      	at stepdefinitions.DemoStep.getTheTextFromElement(DemoStep.java:68)
      	at ✽.get the text from element(file:///D:/New%20folder%20(3)/BDDCucumberHybrid/BDDCucumberHybrid/src/test/resources/features/Demo.feature:11)&amp#27;[0m
  &amp#27;[36mAnd &amp#27;[0m&amp#27;[36mBack to Main wondow and click on checkbox&amp#27;[0m                     &amp#27;[90m# stepdefinitions.DemoStep.backToMainWondowAndClickOnCheckbox()&amp#27;[0m
Screenshot saved at: Screenshots/Testing the demo feature_250731_100447.png

    Embedding Testing the demo feature [image/png 146112 bytes]

Browser Closed
]]></system-out>
    <system-err><![CDATA[org.openqa.selenium.TimeoutException: Expected condition failed: waiting for element to be clickable: Proxy element for: DefaultElementLocator 'By.xpath: //h4[normalize-space()='Selenium WebDriver']' (tried for 10 second(s) with 500 milliseconds interval)
	at org.openqa.selenium.support.ui.WebDriverWait.timeoutException(WebDriverWait.java:84)
	at org.openqa.selenium.support.ui.FluentWait.until(FluentWait.java:228)
	at utils.ElementUtils.waitForElement(ElementUtils.java:36)
	at utils.ElementUtils.getTextFromElement(ElementUtils.java:105)
	at pages.DemoPageThree.getTheText(DemoPageThree.java:39)
	at stepdefinitions.DemoStep.getTheTextFromElement(DemoStep.java:68)
	at java.base/jdk.internal.reflect.DirectMethodHandleAccessor.invoke(DirectMethodHandleAccessor.java:104)
	at java.base/java.lang.reflect.Method.invoke(Method.java:565)
	at io.cucumber.java.Invoker.doInvoke(Invoker.java:66)
	at io.cucumber.java.Invoker.invoke(Invoker.java:24)
	at io.cucumber.java.AbstractGlueDefinition.invokeMethod(AbstractGlueDefinition.java:47)
	at io.cucumber.java.JavaStepDefinition.execute(JavaStepDefinition.java:29)
	at io.cucumber.core.runner.CoreStepDefinition.execute(CoreStepDefinition.java:66)
	at io.cucumber.core.runner.PickleStepDefinitionMatch.runStep(PickleStepDefinitionMatch.java:62)
	at io.cucumber.core.runner.ExecutionMode$1.execute(ExecutionMode.java:10)
	at io.cucumber.core.runner.TestStep.executeStep(TestStep.java:81)
	at io.cucumber.core.runner.TestStep.run(TestStep.java:53)
	at io.cucumber.core.runner.PickleStepTestStep.run(PickleStepTestStep.java:51)
	at io.cucumber.core.runner.TestCase.run(TestCase.java:86)
	at io.cucumber.core.runner.Runner.runPickle(Runner.java:77)
	at io.cucumber.testng.TestNGCucumberRunner.lambda$runScenario$1(TestNGCucumberRunner.java:132)
	at io.cucumber.core.runtime.CucumberExecutionContext.lambda$runTestCase$5(CucumberExecutionContext.java:136)
	at io.cucumber.core.runtime.RethrowingThrowableCollector.executeAndThrow(RethrowingThrowableCollector.java:23)
	at io.cucumber.core.runtime.CucumberExecutionContext.runTestCase(CucumberExecutionContext.java:136)
	at io.cucumber.testng.TestNGCucumberRunner.runScenario(TestNGCucumberRunner.java:129)
	at io.cucumber.testng.AbstractTestNGCucumberTests.runScenario(AbstractTestNGCucumberTests.java:35)
	at java.base/jdk.internal.reflect.DirectMethodHandleAccessor.invoke(DirectMethodHandleAccessor.java:104)
	at java.base/java.lang.reflect.Method.invoke(Method.java:565)
	at org.testng.internal.invokers.MethodInvocationHelper.invokeMethod(MethodInvocationHelper.java:141)
	at org.testng.internal.invokers.TestInvoker.invokeMethod(TestInvoker.java:687)
	at org.testng.internal.invokers.TestInvoker.invokeTestMethod(TestInvoker.java:230)
	at org.testng.internal.invokers.TestMethodWithDataProviderMethodWorker.call(TestMethodWithDataProviderMethodWorker.java:81)
	at org.testng.internal.thread.Async$AsyncTask.run(Async.java:34)
	at java.base/java.util.concurrent.ThreadPoolExecutor.runWorker(ThreadPoolExecutor.java:1095)
	at java.base/java.util.concurrent.ThreadPoolExecutor$Worker.run(ThreadPoolExecutor.java:619)
	at java.base/java.lang.Thread.run(Thread.java:1447)
Caused by: org.openqa.selenium.NoSuchElementException: no such element: Unable to locate element: {"method":"xpath","selector":"//h4[normalize-space()='Selenium WebDriver']"}
  (Session info: chrome=138.0.7204.158)
For documentation on this error, please visit: https://www.selenium.dev/documentation/webdriver/troubleshooting/errors#no-such-element-exception
Build info: version: '4.34.0', revision: '707dcb4246*'
System info: os.name: 'Windows 11', os.arch: 'amd64', os.version: '10.0', java.version: '24'
Driver info: org.openqa.selenium.chrome.ChromeDriver
Command: [cdc0bc812b693763445bfd4cbf6f47c1, findElement {using=xpath, value=//h4[normalize-space()='Selenium WebDriver']}]
Capabilities {acceptInsecureCerts: false, browserName: chrome, browserVersion: 138.0.7204.158, chrome: {chromedriverVersion: 138.0.7204.183 (e90faf484dd..., userDataDir: C:\Users\Pavan\AppData\Loca...}, fedcm:accounts: true, goog:chromeOptions: {debuggerAddress: localhost:55084}, networkConnectionEnabled: false, pageLoadStrategy: normal, platformName: windows, proxy: Proxy(), se:cdp: ws://localhost:55084/devtoo..., se:cdpVersion: 138.0.7204.158, setWindowRect: true, strictFileInteractability: false, timeouts: {implicit: 0, pageLoad: 300000, script: 30000}, unhandledPromptBehavior: dismiss and notify, webauthn:extension:credBlob: true, webauthn:extension:largeBlob: true, webauthn:extension:minPinLength: true, webauthn:extension:prf: true, webauthn:virtualAuthenticators: true}
Session ID: cdc0bc812b693763445bfd4cbf6f47c1
	at java.base/jdk.internal.reflect.DirectConstructorHandleAccessor.newInstance(DirectConstructorHandleAccessor.java:62)
	at java.base/java.lang.reflect.Constructor.newInstanceWithCaller(Constructor.java:499)
	at java.base/java.lang.reflect.Constructor.newInstance(Constructor.java:483)
	at org.openqa.selenium.remote.ErrorCodec.decode(ErrorCodec.java:167)
	at org.openqa.selenium.remote.codec.w3c.W3CHttpResponseCodec.decode(W3CHttpResponseCodec.java:138)
	at org.openqa.selenium.remote.codec.w3c.W3CHttpResponseCodec.decode(W3CHttpResponseCodec.java:50)
	at org.openqa.selenium.remote.HttpCommandExecutor.execute(HttpCommandExecutor.java:215)
	at org.openqa.selenium.remote.service.DriverCommandExecutor.invokeExecute(DriverCommandExecutor.java:216)
	at org.openqa.selenium.remote.service.DriverCommandExecutor.execute(DriverCommandExecutor.java:174)
	at org.openqa.selenium.remote.RemoteWebDriver.execute(RemoteWebDriver.java:544)
	at org.openqa.selenium.remote.ElementLocation$ElementFinder$2.findElement(ElementLocation.java:165)
	at org.openqa.selenium.remote.ElementLocation.findElement(ElementLocation.java:59)
	at org.openqa.selenium.remote.RemoteWebDriver.findElement(RemoteWebDriver.java:367)
	at org.openqa.selenium.remote.RemoteWebDriver.findElement(RemoteWebDriver.java:361)
	at org.openqa.selenium.support.pagefactory.DefaultElementLocator.findElement(DefaultElementLocator.java:68)
	at org.openqa.selenium.support.pagefactory.internal.LocatingElementHandler.invoke(LocatingElementHandler.java:38)
	at jdk.proxy2/jdk.proxy2.$Proxy23.isDisplayed(Unknown Source)
	at org.openqa.selenium.support.ui.ExpectedConditions.elementIfVisible(ExpectedConditions.java:304)
	at org.openqa.selenium.support.ui.ExpectedConditions$10.apply(ExpectedConditions.java:290)
	at org.openqa.selenium.support.ui.ExpectedConditions$10.apply(ExpectedConditions.java:287)
	at org.openqa.selenium.support.ui.ExpectedConditions$23.apply(ExpectedConditions.java:656)
	at org.openqa.selenium.support.ui.ExpectedConditions$23.apply(ExpectedConditions.java:652)
	at org.openqa.selenium.support.ui.FluentWait.until(FluentWait.java:203)
	... 34 more
]]></system-err>
  </testcase>
</testsuite>