<?xml version="1.0" encoding="UTF-8"?>
<testng-results ignored="0" total="2" passed="1" failed="1" skipped="0">
  <reporter-output>
  </reporter-output>
  <suite started-at="2025-07-31T10:04:09 IST" name="All Test Suite" finished-at="2025-07-31T10:04:49 IST" duration-ms="40372">
    <groups>
      <group name="cucumber">
        <method signature="AbstractTestNGCucumberTests.runScenario(io.cucumber.testng.PickleWrapper,io.cucumber.testng.FeatureWrapper)[pri:0, instance:runner.TestRunnerOne$TestRunner@7fa98a66]" name="runScenario" class="io.cucumber.testng.AbstractTestNGCucumberTests"/>
      </group> <!-- cucumber -->
    </groups>
    <test started-at="2025-07-31T10:04:09 IST" name="D:/New folder (3)/BDDCucumberHybrid/BDDCucumberHybrid" finished-at="2025-07-31T10:04:49 IST" duration-ms="40372">
      <class name="runner.TestRunnerOne$TestRunner">
        <test-method is-config="true" signature="setUpClass(org.testng.ITestContext)[pri:0, instance:runner.TestRunnerOne$TestRunner@7fa98a66]" started-at="2025-07-31T10:04:09 IST" name="setUpClass" finished-at="2025-07-31T10:04:09 IST" duration-ms="412" status="PASS">
          <params>
            <param index="0">
              <value>
                <![CDATA[org.testng.TestRunner@3754a4bf]]>
              </value>
            </param>
          </params>
          <reporter-output>
          </reporter-output>
        </test-method> <!-- setUpClass -->
        <test-method signature="runScenario(io.cucumber.testng.PickleWrapper,io.cucumber.testng.FeatureWrapper)[pri:0, instance:runner.TestRunnerOne$TestRunner@7fa98a66]" started-at="2025-07-31T10:04:09 IST" name="runScenario" description="Runs Cucumber Scenarios" data-provider="scenarios" finished-at="2025-07-31T10:04:22 IST" duration-ms="13246" status="PASS">
          <params>
            <param index="0">
              <value>
                <![CDATA["Testing the dropdown feature"]]>
              </value>
            </param>
            <param index="1">
              <value>
                <![CDATA["Don feature"]]>
              </value>
            </param>
          </params>
          <reporter-output>
          </reporter-output>
        </test-method> <!-- runScenario -->
        <test-method signature="runScenario(io.cucumber.testng.PickleWrapper,io.cucumber.testng.FeatureWrapper)[pri:0, instance:runner.TestRunnerOne$TestRunner@7fa98a66]" started-at="2025-07-31T10:04:09 IST" name="runScenario" description="Runs Cucumber Scenarios" data-provider="scenarios" finished-at="2025-07-31T10:04:49 IST" duration-ms="39894" status="FAIL">
          <params>
            <param index="0">
              <value>
                <![CDATA["Testing the demo feature"]]>
              </value>
            </param>
            <param index="1">
              <value>
                <![CDATA["Demo Testing"]]>
              </value>
            </param>
          </params>
          <exception class="java.lang.NullPointerException">
            <message>
              <![CDATA[Cannot invoke "org.openqa.selenium.WebElement.getText()" because "webElement" is null]]>
            </message>
            <full-stacktrace>
              <![CDATA[java.lang.NullPointerException: Cannot invoke "org.openqa.selenium.WebElement.getText()" because "webElement" is null
at utils.ElementUtils.getTextFromElement(ElementUtils.java:106)
at pages.DemoPageThree.getTheText(DemoPageThree.java:39)
at stepdefinitions.DemoStep.getTheTextFromElement(DemoStep.java:68)
at ✽.get the text from element(file:///D:/New%20folder%20(3)/BDDCucumberHybrid/BDDCucumberHybrid/src/test/resources/features/Demo.feature:11)
]]>
            </full-stacktrace>
          </exception> <!-- java.lang.NullPointerException -->
          <reporter-output>
          </reporter-output>
        </test-method> <!-- runScenario -->
        <test-method is-config="true" signature="tearDownClass()[pri:0, instance:runner.TestRunnerOne$TestRunner@7fa98a66]" started-at="2025-07-31T10:04:49 IST" name="tearDownClass" finished-at="2025-07-31T10:04:49 IST" duration-ms="37" status="PASS">
          <reporter-output>
          </reporter-output>
        </test-method> <!-- tearDownClass -->
      </class> <!-- runner.TestRunnerOne$TestRunner -->
    </test> <!-- D:/New folder (3)/BDDCucumberHybrid/BDDCucumberHybrid -->
  </suite> <!-- All Test Suite -->
</testng-results>
