<?xml version="1.0" encoding="UTF-8"?>
<!-- Generated by org.testng.reporters.JUnitReportReporter -->
<testsuite hostname="QZ-LT-R-CTK-211" failures="0" tests="2" name="runner.TestRunnerOne$TestRunner" time="53.140" errors="1" timestamp="2025-07-31T10:04:49 IST" skipped="0">
  <testcase classname="runner.TestRunnerOne$TestRunner" name="runScenario" time="39.894">
    <error message="Cannot invoke &quot;org.openqa.selenium.WebElement.getText()&quot; because &quot;webElement&quot; is null" type="java.lang.NullPointerException">
      <![CDATA[java.lang.NullPointerException: Cannot invoke "org.openqa.selenium.WebElement.getText()" because "webElement" is null
at utils.ElementUtils.getTextFromElement(ElementUtils.java:106)
at pages.DemoPageThree.getTheText(DemoPageThree.java:39)
at stepdefinitions.DemoStep.getTheTextFromElement(DemoStep.java:68)
at ✽.get the text from element(file:///D:/New%20folder%20(3)/BDDCucumberHybrid/BDDCucumberHybrid/src/test/resources/features/Demo.feature:11)
]]>
    </error>
  </testcase> <!-- runScenario -->
  <testcase classname="runner.TestRunnerOne$TestRunner" name="runScenario" time="13.246"/>
</testsuite> <!-- runner.TestRunnerOne$TestRunner -->
